#
# A fatal error has been detected by the Java Runtime Environment:
#
#  EXCEPTION_ACCESS_VIOLATION (0xc0000005) at pc=0x00007ffa820ce3c6, pid=2448, tid=12812
#
# JRE version: OpenJDK Runtime Environment (11.0.7+10) (build 11.0.7+10)
# Java VM: OpenJDK 64-Bit Server VM (11.0.7+10, mixed mode, tiered, compressed oops, g1 gc, windows-amd64)
# Problematic frame:
# C  [ig9icd64.dll+0x7e3c6]
#
# No core dump will be written. Minidumps are not enabled by default on client versions of Windows
#
# If you would like to submit a bug report, please visit:
#   https://github.com/AdoptOpenJDK/openjdk-support/issues
# The crash happened outside the Java Virtual Machine in native code.
# See problematic frame for where to report the bug.
#

---------------  S U M M A R Y ------------

Command Line: -Dfile.encoding=windows-1252 -Duser.country=IN -Duser.language=en -Duser.variant -ea Main

Host: Intel(R) Core(TM) i7-8650U CPU @ 1.90GHz, 8 cores, 15G,  Windows 10 , 64 bit Build 19041 (10.0.19041.1348)
Time: Sat Jan  8 19:42:56 2022 Eastern Standard Time elapsed time: 1 seconds (0d 0h 0m 1s)

---------------  T H R E A D  ---------------

Current thread (0x00000158e19f8000):  JavaThread "main" [_thread_in_native, id=12812, stack(0x00000008c4c00000,0x00000008c4d00000)]

Stack: [0x00000008c4c00000,0x00000008c4d00000],  sp=0x00000008c4cfe0d0,  free space=1016k
Native frames: (J=compiled Java code, j=interpreted, Vv=VM code, C=native code)
C  [ig9icd64.dll+0x7e3c6]

Java frames: (J=compiled Java code, j=interpreted, Vv=VM code)
j  org.lwjgl.opengl.GL11C.nglTexImage2D(IIIIIIIIJ)V+0
j  org.lwjgl.opengl.GL11C.glTexImage2D(IIIIIIIILjava/nio/ByteBuffer;)V+17
j  org.lwjgl.opengl.GL11.glTexImage2D(IIIIIIIILjava/nio/ByteBuffer;)V+14
j  render.Texture.<init>(Ljava/lang/String;)V+136
j  flame.LevelEditorScene.init()V+52
j  flame.Window.changeScene(I)V+41
j  flame.Window.init()V+160
j  flame.Window.run()V+15
j  Main.main([Ljava/lang/String;)V+5
v  ~StubRoutines::call_stub

siginfo: EXCEPTION_ACCESS_VIOLATION (0xc0000005), reading address 0x0000015891578000


Register to memory mapping:

RIP=0x00007ffa820ce3c6 ig9icd64.dll
RAX=0x0000000000003a9f is an unknown value
RBX=0x0000015887e00000 points into unknown readable memory: ff ff ff ff ff ff ff ff
RCX=0x0 is NULL
RDX=0x0000015891577fc0 points into unknown readable memory: 00 00 00 00 00 00 00 00
RSP=0x00000008c4cfe0d0 is pointing into the stack for thread: 0x00000158e19f8000
RBP=0x00000008c4cfe200 is pointing into the stack for thread: 0x00000158e19f8000
RSI=0x0000015887e00000 points into unknown readable memory: ff ff ff ff ff ff ff ff
RDI=0x0000015887fd4f80 points into unknown readable memory: 00 00 00 00 00 00 00 00
R8 =0x0000000000271000 is an unknown value
R9 =0x0000000000004e20 is an unknown value
R10=0x0000000000003aa0 is an unknown value
R11=0x0000015886936794 points into unknown readable memory: 00 00 00 00
R12=0x00007ffa82050000 ig9icd64.dll
R13=0x00000000000001c1 is an unknown value
R14=0x00000008c4cfe2f0 is pointing into the stack for thread: 0x00000158e19f8000
R15=0x0 is NULL


Registers:
RAX=0x0000000000003a9f, RBX=0x0000015887e00000, RCX=0x0000000000000000, RDX=0x0000015891577fc0
RSP=0x00000008c4cfe0d0, RBP=0x00000008c4cfe200, RSI=0x0000015887e00000, RDI=0x0000015887fd4f80
R8 =0x0000000000271000, R9 =0x0000000000004e20, R10=0x0000000000003aa0, R11=0x0000015886936794
R12=0x00007ffa82050000, R13=0x00000000000001c1, R14=0x00000008c4cfe2f0, R15=0x0000000000000000
RIP=0x00007ffa820ce3c6, EFLAGS=0x0000000000010217

Top of Stack: (sp=0x00000008c4cfe0d0)
0x00000008c4cfe0d0:   0000000000000000 0000000000000000
0x00000008c4cfe0e0:   0000000000000000 0000000000000000
0x00000008c4cfe0f0:   00000158913a3040 00007ffa82a3e37b
0x00000008c4cfe100:   0000000000000001 00000008c4cfe200
0x00000008c4cfe110:   00000158913a3040 0000000000000000
0x00000008c4cfe120:   00000158867c0049 00007ffa00000001
0x00000008c4cfe130:   00000158913a3040 000001588666e500
0x00000008c4cfe140:   00000158866bbca0 0000000000000002
0x00000008c4cfe150:   00007ffa82d54df0 000001588691d900
0x00000008c4cfe160:   0000032000000320 0000004900000000
0x00000008c4cfe170:   00000c8000000004 00000158913a3040
0x00000008c4cfe180:   0000000486950049 0000000800000c80
0x00000008c4cfe190:   0000015887e00000 00007ffa8209c525
0x00000008c4cfe1a0:   000001588666e510 00000008c4cfe220
0x00000008c4cfe1b0:   0000015886a911b0 00000008c4cfe220
0x00000008c4cfe1c0:   00000008c4cfe270 00000158868eabf0 

Instructions: (pc=0x00007ffa820ce3c6)
0x00007ffa820ce2c6:   03 d1 66 0f f7 c1 49 03 f9 41 8b c1 44 8b d1 4c
0x00007ffa820ce2d6:   2b c0 0f 29 74 24 10 4d 8b c8 0f 29 3c 24 49 c1
0x00007ffa820ce2e6:   e9 07 f6 c2 0f 0f 84 af 00 00 00 4d 85 c9 74 6b
0x00007ffa820ce2f6:   66 66 0f 1f 84 00 00 00 00 00 f3 0f 6f 02 41 ff
0x00007ffa820ce306:   c2 f3 0f 6f 4a 10 41 8b c2 f3 0f 6f 52 20 f3 0f
0x00007ffa820ce316:   6f 5a 30 f3 0f 6f 62 40 f3 0f 6f 6a 50 f3 0f 6f
0x00007ffa820ce326:   72 60 f3 0f 6f 7a 70 66 0f e7 07 66 0f e7 4f 10
0x00007ffa820ce336:   66 0f e7 57 20 66 0f e7 5f 30 66 0f e7 67 40 66
0x00007ffa820ce346:   0f e7 6f 50 66 0f e7 77 60 66 0f e7 7f 70 48 83
0x00007ffa820ce356:   ef 80 48 83 ea 80 49 3b c1 72 9f 41 83 e0 7f 0f
0x00007ffa820ce366:   84 e0 00 00 00 45 8b d0 44 8b c9 49 c1 ea 04 4d
0x00007ffa820ce376:   85 d2 0f 84 cd 00 00 00 66 90 f3 0f 6f 02 41 ff
0x00007ffa820ce386:   c1 48 83 c2 10 41 8b c1 66 0f e7 07 48 83 c7 10
0x00007ffa820ce396:   49 3b c2 72 e5 e9 ab 00 00 00 4d 85 c9 74 6c 66
0x00007ffa820ce3a6:   66 66 0f 1f 84 00 00 00 00 00 f3 0f 6f 02 41 ff
0x00007ffa820ce3b6:   c2 f3 0f 6f 4a 10 f3 0f 6f 52 20 f3 0f 6f 5a 30
0x00007ffa820ce3c6:   f3 0f 6f 62 40 f3 0f 6f 6a 50 f3 0f 6f 72 60 f3
0x00007ffa820ce3d6:   0f 6f 7a 70 48 83 ea 80 66 0f e7 07 66 0f e7 4f
0x00007ffa820ce3e6:   10 66 0f e7 57 20 66 0f e7 5f 30 66 0f e7 67 40
0x00007ffa820ce3f6:   66 0f e7 6f 50 66 0f e7 77 60 66 0f e7 7f 70 48
0x00007ffa820ce406:   83 ef 80 41 8b c2 49 3b c1 72 9f 41 83 e0 7f 74
0x00007ffa820ce416:   34 45 8b d0 44 8b c9 49 c1 ea 04 4d 85 d2 74 25
0x00007ffa820ce426:   66 66 0f 1f 84 00 00 00 00 00 f3 0f 6f 02 41 ff
0x00007ffa820ce436:   c1 66 0f e7 07 48 83 c7 10 41 8b c1 48 83 c2 10
0x00007ffa820ce446:   49 3b c2 72 e5 0f 28 74 24 10 0f 28 3c 24 41 83
0x00007ffa820ce456:   e0 0f 74 49 45 8b d0 44 8b c9 49 c1 ea 02 4d 85
0x00007ffa820ce466:   d2 74 1e 0f 1f 80 00 00 00 00 8b 02 41 ff c1 89
0x00007ffa820ce476:   07 48 83 c2 04 48 83 c7 04 41 8b c1 49 3b c2 72
0x00007ffa820ce486:   e9 41 83 e0 03 76 16 48 2b d7 0f b6 04 3a ff c1
0x00007ffa820ce496:   88 07 48 8d 7f 01 8b c1 49 3b c0 72 ed 48 83 c4
0x00007ffa820ce4a6:   20 5f c3 cc cc cc cc cc cc cc 40 53 48 83 ec 20
0x00007ffa820ce4b6:   48 8b da 48 8b d1 48 8b 0b 48 85 c9 74 2d 48 8b 


Stack slot to memory mapping:
stack at sp + 0 slots: 0x0 is NULL
stack at sp + 1 slots: 0x0 is NULL
stack at sp + 2 slots: 0x0 is NULL
stack at sp + 3 slots: 0x0 is NULL
stack at sp + 4 slots: 0x00000158913a3040 points into unknown readable memory: ff ff ff ff ff ff ff ff
stack at sp + 5 slots: 0x00007ffa82a3e37b ig9icd64.dll
stack at sp + 6 slots: 0x0000000000000001 is an unknown value
stack at sp + 7 slots: 0x00000008c4cfe200 is pointing into the stack for thread: 0x00000158e19f8000


---------------  P R O C E S S  ---------------

Threads class SMR info:
_java_thread_list=0x00000158861fdb00, length=10, elements={
0x00000158e19f8000, 0x0000015886032000, 0x0000015886034000, 0x000001588608a800,
0x000001588608b800, 0x000001588608f800, 0x0000015886092800, 0x0000015886099000,
0x0000015886219800, 0x0000015886220000
}

Java Threads: ( => current thread )
=>0x00000158e19f8000 JavaThread "main" [_thread_in_native, id=12812, stack(0x00000008c4c00000,0x00000008c4d00000)]
  0x0000015886032000 JavaThread "Reference Handler" daemon [_thread_blocked, id=3820, stack(0x00000008c5300000,0x00000008c5400000)]
  0x0000015886034000 JavaThread "Finalizer" daemon [_thread_blocked, id=9468, stack(0x00000008c5400000,0x00000008c5500000)]
  0x000001588608a800 JavaThread "Signal Dispatcher" daemon [_thread_blocked, id=20420, stack(0x00000008c5500000,0x00000008c5600000)]
  0x000001588608b800 JavaThread "Attach Listener" daemon [_thread_blocked, id=11616, stack(0x00000008c5600000,0x00000008c5700000)]
  0x000001588608f800 JavaThread "C2 CompilerThread0" daemon [_thread_blocked, id=15368, stack(0x00000008c5700000,0x00000008c5800000)]
  0x0000015886092800 JavaThread "C1 CompilerThread0" daemon [_thread_blocked, id=10428, stack(0x00000008c5800000,0x00000008c5900000)]
  0x0000015886099000 JavaThread "Sweeper thread" daemon [_thread_blocked, id=15768, stack(0x00000008c5900000,0x00000008c5a00000)]
  0x0000015886219800 JavaThread "Service Thread" daemon [_thread_blocked, id=18444, stack(0x00000008c5a00000,0x00000008c5b00000)]
  0x0000015886220000 JavaThread "Common-Cleaner" daemon [_thread_blocked, id=2624, stack(0x00000008c5c00000,0x00000008c5d00000)]

Other Threads:
  0x00000158ff68c800 VMThread "VM Thread" [stack: 0x00000008c5200000,0x00000008c5300000] [id=18988]
  0x0000015886230000 WatcherThread [stack: 0x00000008c5b00000,0x00000008c5c00000] [id=19120]
  0x00000158e1a11800 GCTaskThread "GC Thread#0" [stack: 0x00000008c4d00000,0x00000008c4e00000] [id=15932]
  0x00000158e1a70000 ConcurrentGCThread "G1 Main Marker" [stack: 0x00000008c4e00000,0x00000008c4f00000] [id=2040]
  0x00000158e1a71800 ConcurrentGCThread "G1 Conc#0" [stack: 0x00000008c4f00000,0x00000008c5000000] [id=9000]
  0x00000158ff574800 ConcurrentGCThread "G1 Refine#0" [stack: 0x00000008c5000000,0x00000008c5100000] [id=19672]
  0x00000158ff576000 ConcurrentGCThread "G1 Young RemSet Sampling" [stack: 0x00000008c5100000,0x00000008c5200000] [id=8648]

Threads with active compile tasks:

VM state:not at safepoint (normal execution)

VM Mutex/Monitor currently owned by a thread: None

Heap address: 0x0000000701e00000, size: 4066 MB, Compressed Oops mode: Zero based, Oop shift amount: 3
Narrow klass base: 0x0000000800000000, Narrow klass shift: 0
Compressed class space size: 1073741824 Address: 0x0000000800000000

Heap:
 garbage-first heap   total 262144K, used 15360K [0x0000000701e00000, 0x0000000800000000)
  region size 1024K, 17 young (17408K), 0 survivors (0K)
 Metaspace       used 12123K, capacity 12262K, committed 12544K, reserved 1060864K
  class space    used 853K, capacity 920K, committed 1024K, reserved 1048576K
Heap Regions: E=young(eden), S=young(survivor), O=old, HS=humongous(starts), HC=humongous(continues), CS=collection set, F=free, A=archive, TAMS=top-at-mark-start (previous, next)
|   0|0x0000000701e00000, 0x0000000701e00000, 0x0000000701f00000|  0%| F|  |TAMS 0x0000000701e00000, 0x0000000701e00000| Untracked 
|   1|0x0000000701f00000, 0x0000000701f00000, 0x0000000702000000|  0%| F|  |TAMS 0x0000000701f00000, 0x0000000701f00000| Untracked 
|   2|0x0000000702000000, 0x0000000702000000, 0x0000000702100000|  0%| F|  |TAMS 0x0000000702000000, 0x0000000702000000| Untracked 
|   3|0x0000000702100000, 0x0000000702100000, 0x0000000702200000|  0%| F|  |TAMS 0x0000000702100000, 0x0000000702100000| Untracked 
|   4|0x0000000702200000, 0x0000000702200000, 0x0000000702300000|  0%| F|  |TAMS 0x0000000702200000, 0x0000000702200000| Untracked 
|   5|0x0000000702300000, 0x0000000702300000, 0x0000000702400000|  0%| F|  |TAMS 0x0000000702300000, 0x0000000702300000| Untracked 
|   6|0x0000000702400000, 0x0000000702400000, 0x0000000702500000|  0%| F|  |TAMS 0x0000000702400000, 0x0000000702400000| Untracked 
|   7|0x0000000702500000, 0x0000000702500000, 0x0000000702600000|  0%| F|  |TAMS 0x0000000702500000, 0x0000000702500000| Untracked 
|   8|0x0000000702600000, 0x0000000702600000, 0x0000000702700000|  0%| F|  |TAMS 0x0000000702600000, 0x0000000702600000| Untracked 
|   9|0x0000000702700000, 0x0000000702700000, 0x0000000702800000|  0%| F|  |TAMS 0x0000000702700000, 0x0000000702700000| Untracked 
|  10|0x0000000702800000, 0x0000000702800000, 0x0000000702900000|  0%| F|  |TAMS 0x0000000702800000, 0x0000000702800000| Untracked 
|  11|0x0000000702900000, 0x0000000702900000, 0x0000000702a00000|  0%| F|  |TAMS 0x0000000702900000, 0x0000000702900000| Untracked 
|  12|0x0000000702a00000, 0x0000000702a00000, 0x0000000702b00000|  0%| F|  |TAMS 0x0000000702a00000, 0x0000000702a00000| Untracked 
|  13|0x0000000702b00000, 0x0000000702b00000, 0x0000000702c00000|  0%| F|  |TAMS 0x0000000702b00000, 0x0000000702b00000| Untracked 
|  14|0x0000000702c00000, 0x0000000702c00000, 0x0000000702d00000|  0%| F|  |TAMS 0x0000000702c00000, 0x0000000702c00000| Untracked 
|  15|0x0000000702d00000, 0x0000000702d00000, 0x0000000702e00000|  0%| F|  |TAMS 0x0000000702d00000, 0x0000000702d00000| Untracked 
|  16|0x0000000702e00000, 0x0000000702e00000, 0x0000000702f00000|  0%| F|  |TAMS 0x0000000702e00000, 0x0000000702e00000| Untracked 
|  17|0x0000000702f00000, 0x0000000702f00000, 0x0000000703000000|  0%| F|  |TAMS 0x0000000702f00000, 0x0000000702f00000| Untracked 
|  18|0x0000000703000000, 0x0000000703000000, 0x0000000703100000|  0%| F|  |TAMS 0x0000000703000000, 0x0000000703000000| Untracked 
|  19|0x0000000703100000, 0x0000000703100000, 0x0000000703200000|  0%| F|  |TAMS 0x0000000703100000, 0x0000000703100000| Untracked 
|  20|0x0000000703200000, 0x0000000703200000, 0x0000000703300000|  0%| F|  |TAMS 0x0000000703200000, 0x0000000703200000| Untracked 
|  21|0x0000000703300000, 0x0000000703300000, 0x0000000703400000|  0%| F|  |TAMS 0x0000000703300000, 0x0000000703300000| Untracked 
|  22|0x0000000703400000, 0x0000000703400000, 0x0000000703500000|  0%| F|  |TAMS 0x0000000703400000, 0x0000000703400000| Untracked 
|  23|0x0000000703500000, 0x0000000703500000, 0x0000000703600000|  0%| F|  |TAMS 0x0000000703500000, 0x0000000703500000| Untracked 
|  24|0x0000000703600000, 0x0000000703600000, 0x0000000703700000|  0%| F|  |TAMS 0x0000000703600000, 0x0000000703600000| Untracked 
|  25|0x0000000703700000, 0x0000000703700000, 0x0000000703800000|  0%| F|  |TAMS 0x0000000703700000, 0x0000000703700000| Untracked 
|  26|0x0000000703800000, 0x0000000703800000, 0x0000000703900000|  0%| F|  |TAMS 0x0000000703800000, 0x0000000703800000| Untracked 
|  27|0x0000000703900000, 0x0000000703900000, 0x0000000703a00000|  0%| F|  |TAMS 0x0000000703900000, 0x0000000703900000| Untracked 
|  28|0x0000000703a00000, 0x0000000703a00000, 0x0000000703b00000|  0%| F|  |TAMS 0x0000000703a00000, 0x0000000703a00000| Untracked 
|  29|0x0000000703b00000, 0x0000000703b00000, 0x0000000703c00000|  0%| F|  |TAMS 0x0000000703b00000, 0x0000000703b00000| Untracked 
|  30|0x0000000703c00000, 0x0000000703c00000, 0x0000000703d00000|  0%| F|  |TAMS 0x0000000703c00000, 0x0000000703c00000| Untracked 
|  31|0x0000000703d00000, 0x0000000703d00000, 0x0000000703e00000|  0%| F|  |TAMS 0x0000000703d00000, 0x0000000703d00000| Untracked 
|  32|0x0000000703e00000, 0x0000000703e00000, 0x0000000703f00000|  0%| F|  |TAMS 0x0000000703e00000, 0x0000000703e00000| Untracked 
|  33|0x0000000703f00000, 0x0000000703f00000, 0x0000000704000000|  0%| F|  |TAMS 0x0000000703f00000, 0x0000000703f00000| Untracked 
|  34|0x0000000704000000, 0x0000000704000000, 0x0000000704100000|  0%| F|  |TAMS 0x0000000704000000, 0x0000000704000000| Untracked 
|  35|0x0000000704100000, 0x0000000704100000, 0x0000000704200000|  0%| F|  |TAMS 0x0000000704100000, 0x0000000704100000| Untracked 
|  36|0x0000000704200000, 0x0000000704200000, 0x0000000704300000|  0%| F|  |TAMS 0x0000000704200000, 0x0000000704200000| Untracked 
|  37|0x0000000704300000, 0x0000000704300000, 0x0000000704400000|  0%| F|  |TAMS 0x0000000704300000, 0x0000000704300000| Untracked 
|  38|0x0000000704400000, 0x0000000704400000, 0x0000000704500000|  0%| F|  |TAMS 0x0000000704400000, 0x0000000704400000| Untracked 
|  39|0x0000000704500000, 0x0000000704500000, 0x0000000704600000|  0%| F|  |TAMS 0x0000000704500000, 0x0000000704500000| Untracked 
|  40|0x0000000704600000, 0x0000000704600000, 0x0000000704700000|  0%| F|  |TAMS 0x0000000704600000, 0x0000000704600000| Untracked 
|  41|0x0000000704700000, 0x0000000704700000, 0x0000000704800000|  0%| F|  |TAMS 0x0000000704700000, 0x0000000704700000| Untracked 
|  42|0x0000000704800000, 0x0000000704800000, 0x0000000704900000|  0%| F|  |TAMS 0x0000000704800000, 0x0000000704800000| Untracked 
|  43|0x0000000704900000, 0x0000000704900000, 0x0000000704a00000|  0%| F|  |TAMS 0x0000000704900000, 0x0000000704900000| Untracked 
|  44|0x0000000704a00000, 0x0000000704a00000, 0x0000000704b00000|  0%| F|  |TAMS 0x0000000704a00000, 0x0000000704a00000| Untracked 
|  45|0x0000000704b00000, 0x0000000704b00000, 0x0000000704c00000|  0%| F|  |TAMS 0x0000000704b00000, 0x0000000704b00000| Untracked 
|  46|0x0000000704c00000, 0x0000000704c00000, 0x0000000704d00000|  0%| F|  |TAMS 0x0000000704c00000, 0x0000000704c00000| Untracked 
|  47|0x0000000704d00000, 0x0000000704d00000, 0x0000000704e00000|  0%| F|  |TAMS 0x0000000704d00000, 0x0000000704d00000| Untracked 
|  48|0x0000000704e00000, 0x0000000704e00000, 0x0000000704f00000|  0%| F|  |TAMS 0x0000000704e00000, 0x0000000704e00000| Untracked 
|  49|0x0000000704f00000, 0x0000000704f00000, 0x0000000705000000|  0%| F|  |TAMS 0x0000000704f00000, 0x0000000704f00000| Untracked 
|  50|0x0000000705000000, 0x0000000705000000, 0x0000000705100000|  0%| F|  |TAMS 0x0000000705000000, 0x0000000705000000| Untracked 
|  51|0x0000000705100000, 0x0000000705100000, 0x0000000705200000|  0%| F|  |TAMS 0x0000000705100000, 0x0000000705100000| Untracked 
|  52|0x0000000705200000, 0x0000000705200000, 0x0000000705300000|  0%| F|  |TAMS 0x0000000705200000, 0x0000000705200000| Untracked 
|  53|0x0000000705300000, 0x0000000705300000, 0x0000000705400000|  0%| F|  |TAMS 0x0000000705300000, 0x0000000705300000| Untracked 
|  54|0x0000000705400000, 0x0000000705400000, 0x0000000705500000|  0%| F|  |TAMS 0x0000000705400000, 0x0000000705400000| Untracked 
|  55|0x0000000705500000, 0x0000000705500000, 0x0000000705600000|  0%| F|  |TAMS 0x0000000705500000, 0x0000000705500000| Untracked 
|  56|0x0000000705600000, 0x0000000705600000, 0x0000000705700000|  0%| F|  |TAMS 0x0000000705600000, 0x0000000705600000| Untracked 
|  57|0x0000000705700000, 0x0000000705700000, 0x0000000705800000|  0%| F|  |TAMS 0x0000000705700000, 0x0000000705700000| Untracked 
|  58|0x0000000705800000, 0x0000000705800000, 0x0000000705900000|  0%| F|  |TAMS 0x0000000705800000, 0x0000000705800000| Untracked 
|  59|0x0000000705900000, 0x0000000705900000, 0x0000000705a00000|  0%| F|  |TAMS 0x0000000705900000, 0x0000000705900000| Untracked 
|  60|0x0000000705a00000, 0x0000000705a00000, 0x0000000705b00000|  0%| F|  |TAMS 0x0000000705a00000, 0x0000000705a00000| Untracked 
|  61|0x0000000705b00000, 0x0000000705b00000, 0x0000000705c00000|  0%| F|  |TAMS 0x0000000705b00000, 0x0000000705b00000| Untracked 
|  62|0x0000000705c00000, 0x0000000705c00000, 0x0000000705d00000|  0%| F|  |TAMS 0x0000000705c00000, 0x0000000705c00000| Untracked 
|  63|0x0000000705d00000, 0x0000000705d00000, 0x0000000705e00000|  0%| F|  |TAMS 0x0000000705d00000, 0x0000000705d00000| Untracked 
|  64|0x0000000705e00000, 0x0000000705e00000, 0x0000000705f00000|  0%| F|  |TAMS 0x0000000705e00000, 0x0000000705e00000| Untracked 
|  65|0x0000000705f00000, 0x0000000705f00000, 0x0000000706000000|  0%| F|  |TAMS 0x0000000705f00000, 0x0000000705f00000| Untracked 
|  66|0x0000000706000000, 0x0000000706000000, 0x0000000706100000|  0%| F|  |TAMS 0x0000000706000000, 0x0000000706000000| Untracked 
|  67|0x0000000706100000, 0x0000000706100000, 0x0000000706200000|  0%| F|  |TAMS 0x0000000706100000, 0x0000000706100000| Untracked 
|  68|0x0000000706200000, 0x0000000706200000, 0x0000000706300000|  0%| F|  |TAMS 0x0000000706200000, 0x0000000706200000| Untracked 
|  69|0x0000000706300000, 0x0000000706300000, 0x0000000706400000|  0%| F|  |TAMS 0x0000000706300000, 0x0000000706300000| Untracked 
|  70|0x0000000706400000, 0x0000000706400000, 0x0000000706500000|  0%| F|  |TAMS 0x0000000706400000, 0x0000000706400000| Untracked 
|  71|0x0000000706500000, 0x0000000706500000, 0x0000000706600000|  0%| F|  |TAMS 0x0000000706500000, 0x0000000706500000| Untracked 
|  72|0x0000000706600000, 0x0000000706600000, 0x0000000706700000|  0%| F|  |TAMS 0x0000000706600000, 0x0000000706600000| Untracked 
|  73|0x0000000706700000, 0x0000000706700000, 0x0000000706800000|  0%| F|  |TAMS 0x0000000706700000, 0x0000000706700000| Untracked 
|  74|0x0000000706800000, 0x0000000706800000, 0x0000000706900000|  0%| F|  |TAMS 0x0000000706800000, 0x0000000706800000| Untracked 
|  75|0x0000000706900000, 0x0000000706900000, 0x0000000706a00000|  0%| F|  |TAMS 0x0000000706900000, 0x0000000706900000| Untracked 
|  76|0x0000000706a00000, 0x0000000706a00000, 0x0000000706b00000|  0%| F|  |TAMS 0x0000000706a00000, 0x0000000706a00000| Untracked 
|  77|0x0000000706b00000, 0x0000000706b00000, 0x0000000706c00000|  0%| F|  |TAMS 0x0000000706b00000, 0x0000000706b00000| Untracked 
|  78|0x0000000706c00000, 0x0000000706c00000, 0x0000000706d00000|  0%| F|  |TAMS 0x0000000706c00000, 0x0000000706c00000| Untracked 
|  79|0x0000000706d00000, 0x0000000706d00000, 0x0000000706e00000|  0%| F|  |TAMS 0x0000000706d00000, 0x0000000706d00000| Untracked 
|  80|0x0000000706e00000, 0x0000000706e00000, 0x0000000706f00000|  0%| F|  |TAMS 0x0000000706e00000, 0x0000000706e00000| Untracked 
|  81|0x0000000706f00000, 0x0000000706f00000, 0x0000000707000000|  0%| F|  |TAMS 0x0000000706f00000, 0x0000000706f00000| Untracked 
|  82|0x0000000707000000, 0x0000000707000000, 0x0000000707100000|  0%| F|  |TAMS 0x0000000707000000, 0x0000000707000000| Untracked 
|  83|0x0000000707100000, 0x0000000707100000, 0x0000000707200000|  0%| F|  |TAMS 0x0000000707100000, 0x0000000707100000| Untracked 
|  84|0x0000000707200000, 0x0000000707200000, 0x0000000707300000|  0%| F|  |TAMS 0x0000000707200000, 0x0000000707200000| Untracked 
|  85|0x0000000707300000, 0x0000000707300000, 0x0000000707400000|  0%| F|  |TAMS 0x0000000707300000, 0x0000000707300000| Untracked 
|  86|0x0000000707400000, 0x0000000707400000, 0x0000000707500000|  0%| F|  |TAMS 0x0000000707400000, 0x0000000707400000| Untracked 
|  87|0x0000000707500000, 0x0000000707500000, 0x0000000707600000|  0%| F|  |TAMS 0x0000000707500000, 0x0000000707500000| Untracked 
|  88|0x0000000707600000, 0x0000000707600000, 0x0000000707700000|  0%| F|  |TAMS 0x0000000707600000, 0x0000000707600000| Untracked 
|  89|0x0000000707700000, 0x0000000707700000, 0x0000000707800000|  0%| F|  |TAMS 0x0000000707700000, 0x0000000707700000| Untracked 
|  90|0x0000000707800000, 0x0000000707800000, 0x0000000707900000|  0%| F|  |TAMS 0x0000000707800000, 0x0000000707800000| Untracked 
|  91|0x0000000707900000, 0x0000000707900000, 0x0000000707a00000|  0%| F|  |TAMS 0x0000000707900000, 0x0000000707900000| Untracked 
|  92|0x0000000707a00000, 0x0000000707a00000, 0x0000000707b00000|  0%| F|  |TAMS 0x0000000707a00000, 0x0000000707a00000| Untracked 
|  93|0x0000000707b00000, 0x0000000707b00000, 0x0000000707c00000|  0%| F|  |TAMS 0x0000000707b00000, 0x0000000707b00000| Untracked 
|  94|0x0000000707c00000, 0x0000000707c00000, 0x0000000707d00000|  0%| F|  |TAMS 0x0000000707c00000, 0x0000000707c00000| Untracked 
|  95|0x0000000707d00000, 0x0000000707d00000, 0x0000000707e00000|  0%| F|  |TAMS 0x0000000707d00000, 0x0000000707d00000| Untracked 
|  96|0x0000000707e00000, 0x0000000707e00000, 0x0000000707f00000|  0%| F|  |TAMS 0x0000000707e00000, 0x0000000707e00000| Untracked 
|  97|0x0000000707f00000, 0x0000000707f00000, 0x0000000708000000|  0%| F|  |TAMS 0x0000000707f00000, 0x0000000707f00000| Untracked 
|  98|0x0000000708000000, 0x0000000708000000, 0x0000000708100000|  0%| F|  |TAMS 0x0000000708000000, 0x0000000708000000| Untracked 
|  99|0x0000000708100000, 0x0000000708100000, 0x0000000708200000|  0%| F|  |TAMS 0x0000000708100000, 0x0000000708100000| Untracked 
| 100|0x0000000708200000, 0x0000000708200000, 0x0000000708300000|  0%| F|  |TAMS 0x0000000708200000, 0x0000000708200000| Untracked 
| 101|0x0000000708300000, 0x0000000708300000, 0x0000000708400000|  0%| F|  |TAMS 0x0000000708300000, 0x0000000708300000| Untracked 
| 102|0x0000000708400000, 0x0000000708400000, 0x0000000708500000|  0%| F|  |TAMS 0x0000000708400000, 0x0000000708400000| Untracked 
| 103|0x0000000708500000, 0x0000000708500000, 0x0000000708600000|  0%| F|  |TAMS 0x0000000708500000, 0x0000000708500000| Untracked 
| 104|0x0000000708600000, 0x0000000708600000, 0x0000000708700000|  0%| F|  |TAMS 0x0000000708600000, 0x0000000708600000| Untracked 
| 105|0x0000000708700000, 0x0000000708700000, 0x0000000708800000|  0%| F|  |TAMS 0x0000000708700000, 0x0000000708700000| Untracked 
| 106|0x0000000708800000, 0x0000000708800000, 0x0000000708900000|  0%| F|  |TAMS 0x0000000708800000, 0x0000000708800000| Untracked 
| 107|0x0000000708900000, 0x0000000708900000, 0x0000000708a00000|  0%| F|  |TAMS 0x0000000708900000, 0x0000000708900000| Untracked 
| 108|0x0000000708a00000, 0x0000000708a00000, 0x0000000708b00000|  0%| F|  |TAMS 0x0000000708a00000, 0x0000000708a00000| Untracked 
| 109|0x0000000708b00000, 0x0000000708b00000, 0x0000000708c00000|  0%| F|  |TAMS 0x0000000708b00000, 0x0000000708b00000| Untracked 
| 110|0x0000000708c00000, 0x0000000708c00000, 0x0000000708d00000|  0%| F|  |TAMS 0x0000000708c00000, 0x0000000708c00000| Untracked 
| 111|0x0000000708d00000, 0x0000000708d00000, 0x0000000708e00000|  0%| F|  |TAMS 0x0000000708d00000, 0x0000000708d00000| Untracked 
| 112|0x0000000708e00000, 0x0000000708e00000, 0x0000000708f00000|  0%| F|  |TAMS 0x0000000708e00000, 0x0000000708e00000| Untracked 
| 113|0x0000000708f00000, 0x0000000708f00000, 0x0000000709000000|  0%| F|  |TAMS 0x0000000708f00000, 0x0000000708f00000| Untracked 
| 114|0x0000000709000000, 0x0000000709000000, 0x0000000709100000|  0%| F|  |TAMS 0x0000000709000000, 0x0000000709000000| Untracked 
| 115|0x0000000709100000, 0x0000000709100000, 0x0000000709200000|  0%| F|  |TAMS 0x0000000709100000, 0x0000000709100000| Untracked 
| 116|0x0000000709200000, 0x0000000709200000, 0x0000000709300000|  0%| F|  |TAMS 0x0000000709200000, 0x0000000709200000| Untracked 
| 117|0x0000000709300000, 0x0000000709300000, 0x0000000709400000|  0%| F|  |TAMS 0x0000000709300000, 0x0000000709300000| Untracked 
| 118|0x0000000709400000, 0x0000000709400000, 0x0000000709500000|  0%| F|  |TAMS 0x0000000709400000, 0x0000000709400000| Untracked 
| 119|0x0000000709500000, 0x0000000709500000, 0x0000000709600000|  0%| F|  |TAMS 0x0000000709500000, 0x0000000709500000| Untracked 
| 120|0x0000000709600000, 0x0000000709600000, 0x0000000709700000|  0%| F|  |TAMS 0x0000000709600000, 0x0000000709600000| Untracked 
| 121|0x0000000709700000, 0x0000000709700000, 0x0000000709800000|  0%| F|  |TAMS 0x0000000709700000, 0x0000000709700000| Untracked 
| 122|0x0000000709800000, 0x0000000709800000, 0x0000000709900000|  0%| F|  |TAMS 0x0000000709800000, 0x0000000709800000| Untracked 
| 123|0x0000000709900000, 0x0000000709900000, 0x0000000709a00000|  0%| F|  |TAMS 0x0000000709900000, 0x0000000709900000| Untracked 
| 124|0x0000000709a00000, 0x0000000709a00000, 0x0000000709b00000|  0%| F|  |TAMS 0x0000000709a00000, 0x0000000709a00000| Untracked 
| 125|0x0000000709b00000, 0x0000000709b00000, 0x0000000709c00000|  0%| F|  |TAMS 0x0000000709b00000, 0x0000000709b00000| Untracked 
| 126|0x0000000709c00000, 0x0000000709c00000, 0x0000000709d00000|  0%| F|  |TAMS 0x0000000709c00000, 0x0000000709c00000| Untracked 
| 127|0x0000000709d00000, 0x0000000709d00000, 0x0000000709e00000|  0%| F|  |TAMS 0x0000000709d00000, 0x0000000709d00000| Untracked 
| 128|0x0000000709e00000, 0x0000000709e00000, 0x0000000709f00000|  0%| F|  |TAMS 0x0000000709e00000, 0x0000000709e00000| Untracked 
| 129|0x0000000709f00000, 0x0000000709f00000, 0x000000070a000000|  0%| F|  |TAMS 0x0000000709f00000, 0x0000000709f00000| Untracked 
| 130|0x000000070a000000, 0x000000070a000000, 0x000000070a100000|  0%| F|  |TAMS 0x000000070a000000, 0x000000070a000000| Untracked 
| 131|0x000000070a100000, 0x000000070a100000, 0x000000070a200000|  0%| F|  |TAMS 0x000000070a100000, 0x000000070a100000| Untracked 
| 132|0x000000070a200000, 0x000000070a200000, 0x000000070a300000|  0%| F|  |TAMS 0x000000070a200000, 0x000000070a200000| Untracked 
| 133|0x000000070a300000, 0x000000070a300000, 0x000000070a400000|  0%| F|  |TAMS 0x000000070a300000, 0x000000070a300000| Untracked 
| 134|0x000000070a400000, 0x000000070a400000, 0x000000070a500000|  0%| F|  |TAMS 0x000000070a400000, 0x000000070a400000| Untracked 
| 135|0x000000070a500000, 0x000000070a500000, 0x000000070a600000|  0%| F|  |TAMS 0x000000070a500000, 0x000000070a500000| Untracked 
| 136|0x000000070a600000, 0x000000070a600000, 0x000000070a700000|  0%| F|  |TAMS 0x000000070a600000, 0x000000070a600000| Untracked 
| 137|0x000000070a700000, 0x000000070a700000, 0x000000070a800000|  0%| F|  |TAMS 0x000000070a700000, 0x000000070a700000| Untracked 
| 138|0x000000070a800000, 0x000000070a800000, 0x000000070a900000|  0%| F|  |TAMS 0x000000070a800000, 0x000000070a800000| Untracked 
| 139|0x000000070a900000, 0x000000070a900000, 0x000000070aa00000|  0%| F|  |TAMS 0x000000070a900000, 0x000000070a900000| Untracked 
| 140|0x000000070aa00000, 0x000000070aa00000, 0x000000070ab00000|  0%| F|  |TAMS 0x000000070aa00000, 0x000000070aa00000| Untracked 
| 141|0x000000070ab00000, 0x000000070ab00000, 0x000000070ac00000|  0%| F|  |TAMS 0x000000070ab00000, 0x000000070ab00000| Untracked 
| 142|0x000000070ac00000, 0x000000070ac00000, 0x000000070ad00000|  0%| F|  |TAMS 0x000000070ac00000, 0x000000070ac00000| Untracked 
| 143|0x000000070ad00000, 0x000000070ad00000, 0x000000070ae00000|  0%| F|  |TAMS 0x000000070ad00000, 0x000000070ad00000| Untracked 
| 144|0x000000070ae00000, 0x000000070ae00000, 0x000000070af00000|  0%| F|  |TAMS 0x000000070ae00000, 0x000000070ae00000| Untracked 
| 145|0x000000070af00000, 0x000000070af00000, 0x000000070b000000|  0%| F|  |TAMS 0x000000070af00000, 0x000000070af00000| Untracked 
| 146|0x000000070b000000, 0x000000070b000000, 0x000000070b100000|  0%| F|  |TAMS 0x000000070b000000, 0x000000070b000000| Untracked 
| 147|0x000000070b100000, 0x000000070b100000, 0x000000070b200000|  0%| F|  |TAMS 0x000000070b100000, 0x000000070b100000| Untracked 
| 148|0x000000070b200000, 0x000000070b200000, 0x000000070b300000|  0%| F|  |TAMS 0x000000070b200000, 0x000000070b200000| Untracked 
| 149|0x000000070b300000, 0x000000070b300000, 0x000000070b400000|  0%| F|  |TAMS 0x000000070b300000, 0x000000070b300000| Untracked 
| 150|0x000000070b400000, 0x000000070b400000, 0x000000070b500000|  0%| F|  |TAMS 0x000000070b400000, 0x000000070b400000| Untracked 
| 151|0x000000070b500000, 0x000000070b500000, 0x000000070b600000|  0%| F|  |TAMS 0x000000070b500000, 0x000000070b500000| Untracked 
| 152|0x000000070b600000, 0x000000070b600000, 0x000000070b700000|  0%| F|  |TAMS 0x000000070b600000, 0x000000070b600000| Untracked 
| 153|0x000000070b700000, 0x000000070b700000, 0x000000070b800000|  0%| F|  |TAMS 0x000000070b700000, 0x000000070b700000| Untracked 
| 154|0x000000070b800000, 0x000000070b800000, 0x000000070b900000|  0%| F|  |TAMS 0x000000070b800000, 0x000000070b800000| Untracked 
| 155|0x000000070b900000, 0x000000070b900000, 0x000000070ba00000|  0%| F|  |TAMS 0x000000070b900000, 0x000000070b900000| Untracked 
| 156|0x000000070ba00000, 0x000000070ba00000, 0x000000070bb00000|  0%| F|  |TAMS 0x000000070ba00000, 0x000000070ba00000| Untracked 
| 157|0x000000070bb00000, 0x000000070bb00000, 0x000000070bc00000|  0%| F|  |TAMS 0x000000070bb00000, 0x000000070bb00000| Untracked 
| 158|0x000000070bc00000, 0x000000070bc00000, 0x000000070bd00000|  0%| F|  |TAMS 0x000000070bc00000, 0x000000070bc00000| Untracked 
| 159|0x000000070bd00000, 0x000000070bd00000, 0x000000070be00000|  0%| F|  |TAMS 0x000000070bd00000, 0x000000070bd00000| Untracked 
| 160|0x000000070be00000, 0x000000070be00000, 0x000000070bf00000|  0%| F|  |TAMS 0x000000070be00000, 0x000000070be00000| Untracked 
| 161|0x000000070bf00000, 0x000000070bf00000, 0x000000070c000000|  0%| F|  |TAMS 0x000000070bf00000, 0x000000070bf00000| Untracked 
| 162|0x000000070c000000, 0x000000070c000000, 0x000000070c100000|  0%| F|  |TAMS 0x000000070c000000, 0x000000070c000000| Untracked 
| 163|0x000000070c100000, 0x000000070c100000, 0x000000070c200000|  0%| F|  |TAMS 0x000000070c100000, 0x000000070c100000| Untracked 
| 164|0x000000070c200000, 0x000000070c200000, 0x000000070c300000|  0%| F|  |TAMS 0x000000070c200000, 0x000000070c200000| Untracked 
| 165|0x000000070c300000, 0x000000070c300000, 0x000000070c400000|  0%| F|  |TAMS 0x000000070c300000, 0x000000070c300000| Untracked 
| 166|0x000000070c400000, 0x000000070c400000, 0x000000070c500000|  0%| F|  |TAMS 0x000000070c400000, 0x000000070c400000| Untracked 
| 167|0x000000070c500000, 0x000000070c500000, 0x000000070c600000|  0%| F|  |TAMS 0x000000070c500000, 0x000000070c500000| Untracked 
| 168|0x000000070c600000, 0x000000070c600000, 0x000000070c700000|  0%| F|  |TAMS 0x000000070c600000, 0x000000070c600000| Untracked 
| 169|0x000000070c700000, 0x000000070c700000, 0x000000070c800000|  0%| F|  |TAMS 0x000000070c700000, 0x000000070c700000| Untracked 
| 170|0x000000070c800000, 0x000000070c800000, 0x000000070c900000|  0%| F|  |TAMS 0x000000070c800000, 0x000000070c800000| Untracked 
| 171|0x000000070c900000, 0x000000070c900000, 0x000000070ca00000|  0%| F|  |TAMS 0x000000070c900000, 0x000000070c900000| Untracked 
| 172|0x000000070ca00000, 0x000000070ca00000, 0x000000070cb00000|  0%| F|  |TAMS 0x000000070ca00000, 0x000000070ca00000| Untracked 
| 173|0x000000070cb00000, 0x000000070cb00000, 0x000000070cc00000|  0%| F|  |TAMS 0x000000070cb00000, 0x000000070cb00000| Untracked 
| 174|0x000000070cc00000, 0x000000070cc00000, 0x000000070cd00000|  0%| F|  |TAMS 0x000000070cc00000, 0x000000070cc00000| Untracked 
| 175|0x000000070cd00000, 0x000000070cd00000, 0x000000070ce00000|  0%| F|  |TAMS 0x000000070cd00000, 0x000000070cd00000| Untracked 
| 176|0x000000070ce00000, 0x000000070ce00000, 0x000000070cf00000|  0%| F|  |TAMS 0x000000070ce00000, 0x000000070ce00000| Untracked 
| 177|0x000000070cf00000, 0x000000070cf00000, 0x000000070d000000|  0%| F|  |TAMS 0x000000070cf00000, 0x000000070cf00000| Untracked 
| 178|0x000000070d000000, 0x000000070d000000, 0x000000070d100000|  0%| F|  |TAMS 0x000000070d000000, 0x000000070d000000| Untracked 
| 179|0x000000070d100000, 0x000000070d100000, 0x000000070d200000|  0%| F|  |TAMS 0x000000070d100000, 0x000000070d100000| Untracked 
| 180|0x000000070d200000, 0x000000070d200000, 0x000000070d300000|  0%| F|  |TAMS 0x000000070d200000, 0x000000070d200000| Untracked 
| 181|0x000000070d300000, 0x000000070d300000, 0x000000070d400000|  0%| F|  |TAMS 0x000000070d300000, 0x000000070d300000| Untracked 
| 182|0x000000070d400000, 0x000000070d400000, 0x000000070d500000|  0%| F|  |TAMS 0x000000070d400000, 0x000000070d400000| Untracked 
| 183|0x000000070d500000, 0x000000070d500000, 0x000000070d600000|  0%| F|  |TAMS 0x000000070d500000, 0x000000070d500000| Untracked 
| 184|0x000000070d600000, 0x000000070d600000, 0x000000070d700000|  0%| F|  |TAMS 0x000000070d600000, 0x000000070d600000| Untracked 
| 185|0x000000070d700000, 0x000000070d700000, 0x000000070d800000|  0%| F|  |TAMS 0x000000070d700000, 0x000000070d700000| Untracked 
| 186|0x000000070d800000, 0x000000070d800000, 0x000000070d900000|  0%| F|  |TAMS 0x000000070d800000, 0x000000070d800000| Untracked 
| 187|0x000000070d900000, 0x000000070d900000, 0x000000070da00000|  0%| F|  |TAMS 0x000000070d900000, 0x000000070d900000| Untracked 
| 188|0x000000070da00000, 0x000000070da00000, 0x000000070db00000|  0%| F|  |TAMS 0x000000070da00000, 0x000000070da00000| Untracked 
| 189|0x000000070db00000, 0x000000070db00000, 0x000000070dc00000|  0%| F|  |TAMS 0x000000070db00000, 0x000000070db00000| Untracked 
| 190|0x000000070dc00000, 0x000000070dc00000, 0x000000070dd00000|  0%| F|  |TAMS 0x000000070dc00000, 0x000000070dc00000| Untracked 
| 191|0x000000070dd00000, 0x000000070dd00000, 0x000000070de00000|  0%| F|  |TAMS 0x000000070dd00000, 0x000000070dd00000| Untracked 
| 192|0x000000070de00000, 0x000000070de00000, 0x000000070df00000|  0%| F|  |TAMS 0x000000070de00000, 0x000000070de00000| Untracked 
| 193|0x000000070df00000, 0x000000070df00000, 0x000000070e000000|  0%| F|  |TAMS 0x000000070df00000, 0x000000070df00000| Untracked 
| 194|0x000000070e000000, 0x000000070e000000, 0x000000070e100000|  0%| F|  |TAMS 0x000000070e000000, 0x000000070e000000| Untracked 
| 195|0x000000070e100000, 0x000000070e100000, 0x000000070e200000|  0%| F|  |TAMS 0x000000070e100000, 0x000000070e100000| Untracked 
| 196|0x000000070e200000, 0x000000070e200000, 0x000000070e300000|  0%| F|  |TAMS 0x000000070e200000, 0x000000070e200000| Untracked 
| 197|0x000000070e300000, 0x000000070e300000, 0x000000070e400000|  0%| F|  |TAMS 0x000000070e300000, 0x000000070e300000| Untracked 
| 198|0x000000070e400000, 0x000000070e400000, 0x000000070e500000|  0%| F|  |TAMS 0x000000070e400000, 0x000000070e400000| Untracked 
| 199|0x000000070e500000, 0x000000070e500000, 0x000000070e600000|  0%| F|  |TAMS 0x000000070e500000, 0x000000070e500000| Untracked 
| 200|0x000000070e600000, 0x000000070e600000, 0x000000070e700000|  0%| F|  |TAMS 0x000000070e600000, 0x000000070e600000| Untracked 
| 201|0x000000070e700000, 0x000000070e700000, 0x000000070e800000|  0%| F|  |TAMS 0x000000070e700000, 0x000000070e700000| Untracked 
| 202|0x000000070e800000, 0x000000070e800000, 0x000000070e900000|  0%| F|  |TAMS 0x000000070e800000, 0x000000070e800000| Untracked 
| 203|0x000000070e900000, 0x000000070e900000, 0x000000070ea00000|  0%| F|  |TAMS 0x000000070e900000, 0x000000070e900000| Untracked 
| 204|0x000000070ea00000, 0x000000070ea00000, 0x000000070eb00000|  0%| F|  |TAMS 0x000000070ea00000, 0x000000070ea00000| Untracked 
| 205|0x000000070eb00000, 0x000000070eb00000, 0x000000070ec00000|  0%| F|  |TAMS 0x000000070eb00000, 0x000000070eb00000| Untracked 
| 206|0x000000070ec00000, 0x000000070ec00000, 0x000000070ed00000|  0%| F|  |TAMS 0x000000070ec00000, 0x000000070ec00000| Untracked 
| 207|0x000000070ed00000, 0x000000070ed00000, 0x000000070ee00000|  0%| F|  |TAMS 0x000000070ed00000, 0x000000070ed00000| Untracked 
| 208|0x000000070ee00000, 0x000000070ee00000, 0x000000070ef00000|  0%| F|  |TAMS 0x000000070ee00000, 0x000000070ee00000| Untracked 
| 209|0x000000070ef00000, 0x000000070ef00000, 0x000000070f000000|  0%| F|  |TAMS 0x000000070ef00000, 0x000000070ef00000| Untracked 
| 210|0x000000070f000000, 0x000000070f000000, 0x000000070f100000|  0%| F|  |TAMS 0x000000070f000000, 0x000000070f000000| Untracked 
| 211|0x000000070f100000, 0x000000070f100000, 0x000000070f200000|  0%| F|  |TAMS 0x000000070f100000, 0x000000070f100000| Untracked 
| 212|0x000000070f200000, 0x000000070f200000, 0x000000070f300000|  0%| F|  |TAMS 0x000000070f200000, 0x000000070f200000| Untracked 
| 213|0x000000070f300000, 0x000000070f300000, 0x000000070f400000|  0%| F|  |TAMS 0x000000070f300000, 0x000000070f300000| Untracked 
| 214|0x000000070f400000, 0x000000070f400000, 0x000000070f500000|  0%| F|  |TAMS 0x000000070f400000, 0x000000070f400000| Untracked 
| 215|0x000000070f500000, 0x000000070f500000, 0x000000070f600000|  0%| F|  |TAMS 0x000000070f500000, 0x000000070f500000| Untracked 
| 216|0x000000070f600000, 0x000000070f600000, 0x000000070f700000|  0%| F|  |TAMS 0x000000070f600000, 0x000000070f600000| Untracked 
| 217|0x000000070f700000, 0x000000070f700000, 0x000000070f800000|  0%| F|  |TAMS 0x000000070f700000, 0x000000070f700000| Untracked 
| 218|0x000000070f800000, 0x000000070f800000, 0x000000070f900000|  0%| F|  |TAMS 0x000000070f800000, 0x000000070f800000| Untracked 
| 219|0x000000070f900000, 0x000000070f900000, 0x000000070fa00000|  0%| F|  |TAMS 0x000000070f900000, 0x000000070f900000| Untracked 
| 220|0x000000070fa00000, 0x000000070fa00000, 0x000000070fb00000|  0%| F|  |TAMS 0x000000070fa00000, 0x000000070fa00000| Untracked 
| 221|0x000000070fb00000, 0x000000070fb00000, 0x000000070fc00000|  0%| F|  |TAMS 0x000000070fb00000, 0x000000070fb00000| Untracked 
| 222|0x000000070fc00000, 0x000000070fc00000, 0x000000070fd00000|  0%| F|  |TAMS 0x000000070fc00000, 0x000000070fc00000| Untracked 
| 223|0x000000070fd00000, 0x000000070fd00000, 0x000000070fe00000|  0%| F|  |TAMS 0x000000070fd00000, 0x000000070fd00000| Untracked 
| 224|0x000000070fe00000, 0x000000070fe00000, 0x000000070ff00000|  0%| F|  |TAMS 0x000000070fe00000, 0x000000070fe00000| Untracked 
| 225|0x000000070ff00000, 0x000000070ff00000, 0x0000000710000000|  0%| F|  |TAMS 0x000000070ff00000, 0x000000070ff00000| Untracked 
| 226|0x0000000710000000, 0x0000000710000000, 0x0000000710100000|  0%| F|  |TAMS 0x0000000710000000, 0x0000000710000000| Untracked 
| 227|0x0000000710100000, 0x0000000710100000, 0x0000000710200000|  0%| F|  |TAMS 0x0000000710100000, 0x0000000710100000| Untracked 
| 228|0x0000000710200000, 0x0000000710200000, 0x0000000710300000|  0%| F|  |TAMS 0x0000000710200000, 0x0000000710200000| Untracked 
| 229|0x0000000710300000, 0x0000000710300000, 0x0000000710400000|  0%| F|  |TAMS 0x0000000710300000, 0x0000000710300000| Untracked 
| 230|0x0000000710400000, 0x0000000710400000, 0x0000000710500000|  0%| F|  |TAMS 0x0000000710400000, 0x0000000710400000| Untracked 
| 231|0x0000000710500000, 0x0000000710500000, 0x0000000710600000|  0%| F|  |TAMS 0x0000000710500000, 0x0000000710500000| Untracked 
| 232|0x0000000710600000, 0x0000000710600000, 0x0000000710700000|  0%| F|  |TAMS 0x0000000710600000, 0x0000000710600000| Untracked 
| 233|0x0000000710700000, 0x0000000710700000, 0x0000000710800000|  0%| F|  |TAMS 0x0000000710700000, 0x0000000710700000| Untracked 
| 234|0x0000000710800000, 0x0000000710800000, 0x0000000710900000|  0%| F|  |TAMS 0x0000000710800000, 0x0000000710800000| Untracked 
| 235|0x0000000710900000, 0x0000000710900000, 0x0000000710a00000|  0%| F|  |TAMS 0x0000000710900000, 0x0000000710900000| Untracked 
| 236|0x0000000710a00000, 0x0000000710a00000, 0x0000000710b00000|  0%| F|  |TAMS 0x0000000710a00000, 0x0000000710a00000| Untracked 
| 237|0x0000000710b00000, 0x0000000710b00000, 0x0000000710c00000|  0%| F|  |TAMS 0x0000000710b00000, 0x0000000710b00000| Untracked 
| 238|0x0000000710c00000, 0x0000000710c00000, 0x0000000710d00000|  0%| F|  |TAMS 0x0000000710c00000, 0x0000000710c00000| Untracked 
| 239|0x0000000710d00000, 0x0000000710df6fc8, 0x0000000710e00000| 96%| E|  |TAMS 0x0000000710d00000, 0x0000000710d00000| Complete 
| 240|0x0000000710e00000, 0x0000000710f00000, 0x0000000710f00000|100%| E|CS|TAMS 0x0000000710e00000, 0x0000000710e00000| Complete 
| 241|0x0000000710f00000, 0x0000000711000000, 0x0000000711000000|100%| E|CS|TAMS 0x0000000710f00000, 0x0000000710f00000| Complete 
| 242|0x0000000711000000, 0x0000000711100000, 0x0000000711100000|100%| E|  |TAMS 0x0000000711000000, 0x0000000711000000| Complete 
| 243|0x0000000711100000, 0x0000000711200000, 0x0000000711200000|100%| E|CS|TAMS 0x0000000711100000, 0x0000000711100000| Complete 
| 244|0x0000000711200000, 0x0000000711300000, 0x0000000711300000|100%| E|CS|TAMS 0x0000000711200000, 0x0000000711200000| Complete 
| 245|0x0000000711300000, 0x0000000711400000, 0x0000000711400000|100%| E|CS|TAMS 0x0000000711300000, 0x0000000711300000| Complete 
| 246|0x0000000711400000, 0x0000000711500000, 0x0000000711500000|100%| E|CS|TAMS 0x0000000711400000, 0x0000000711400000| Complete 
| 247|0x0000000711500000, 0x0000000711600000, 0x0000000711600000|100%| E|CS|TAMS 0x0000000711500000, 0x0000000711500000| Complete 
| 248|0x0000000711600000, 0x0000000711700000, 0x0000000711700000|100%| E|CS|TAMS 0x0000000711600000, 0x0000000711600000| Complete 
| 249|0x0000000711700000, 0x0000000711800000, 0x0000000711800000|100%| E|CS|TAMS 0x0000000711700000, 0x0000000711700000| Complete 
| 250|0x0000000711800000, 0x0000000711900000, 0x0000000711900000|100%| E|CS|TAMS 0x0000000711800000, 0x0000000711800000| Complete 
| 251|0x0000000711900000, 0x0000000711a00000, 0x0000000711a00000|100%| E|CS|TAMS 0x0000000711900000, 0x0000000711900000| Complete 
| 252|0x0000000711a00000, 0x0000000711b00000, 0x0000000711b00000|100%| E|CS|TAMS 0x0000000711a00000, 0x0000000711a00000| Complete 
| 253|0x0000000711b00000, 0x0000000711c00000, 0x0000000711c00000|100%| E|CS|TAMS 0x0000000711b00000, 0x0000000711b00000| Complete 
| 254|0x0000000711c00000, 0x0000000711d00000, 0x0000000711d00000|100%| E|CS|TAMS 0x0000000711c00000, 0x0000000711c00000| Complete 
| 255|0x0000000711d00000, 0x0000000711e00000, 0x0000000711e00000|100%| E|CS|TAMS 0x0000000711d00000, 0x0000000711d00000| Complete 

Card table byte_map: [0x00000158f9b80000,0x00000158fa380000] _byte_map_base: 0x00000158f6371000

Marking Bits (Prev, Next): (CMBitMap*) 0x00000158e1a5e2e8, (CMBitMap*) 0x00000158e1a5e320
 Prev Bits: [0x00000158fab80000, 0x00000158feb08000)
 Next Bits: [0x0000015880000000, 0x0000015883f88000)

Polling page: 0x00000158df930000

Metaspace:

Usage:
  Non-class:     11.08 MB capacity,    11.01 MB (>99%) used,    57.77 KB ( <1%) free+waste,    14.56 KB ( <1%) overhead. 
      Class:    920.00 KB capacity,   853.44 KB ( 93%) used,    60.75 KB (  7%) free+waste,     5.81 KB ( <1%) overhead. 
       Both:     11.97 MB capacity,    11.84 MB ( 99%) used,   118.52 KB ( <1%) free+waste,    20.38 KB ( <1%) overhead. 

Virtual space:
  Non-class space:       12.00 MB reserved,      11.25 MB ( 94%) committed 
      Class space:        1.00 GB reserved,       1.00 MB ( <1%) committed 
             Both:        1.01 GB reserved,      12.25 MB (  1%) committed 

Chunk freelists:
   Non-Class:  114.00 KB
       Class:  8.00 KB
        Both:  122.00 KB

MaxMetaspaceSize: 17179869184.00 GB
CompressedClassSpaceSize: 1.00 GB

CodeHeap 'non-profiled nmethods': size=120000Kb used=237Kb max_used=237Kb free=119762Kb
 bounds [0x00000158f1b20000, 0x00000158f1d90000, 0x00000158f9050000]
CodeHeap 'profiled nmethods': size=120000Kb used=1352Kb max_used=1352Kb free=118647Kb
 bounds [0x00000158ea5f0000, 0x00000158ea860000, 0x00000158f1b20000]
CodeHeap 'non-nmethods': size=5760Kb used=1470Kb max_used=1482Kb free=4289Kb
 bounds [0x00000158ea050000, 0x00000158ea2c0000, 0x00000158ea5f0000]
 total_blobs=2212 nmethods=789 adapters=882
 compilation: enabled
              stopped_count=0, restarted_count=0
 full_count=0

Compilation events (20 events):
Event: 1.046 Thread 0x0000015886092800  780       3       java.lang.String::<init> (55 bytes)
Event: 1.046 Thread 0x0000015886092800 nmethod 780 0x00000158ea73e910 code [0x00000158ea73eb00, 0x00000158ea73eef0]
Event: 1.047 Thread 0x0000015886092800  781       3       sun.nio.ch.Util::isBufferTooLarge (15 bytes)
Event: 1.047 Thread 0x0000015886092800 nmethod 781 0x00000158ea73f090 code [0x00000158ea73f240, 0x00000158ea73f3f8]
Event: 1.048 Thread 0x0000015886092800  782       3       java.nio.ByteBuffer::flip (7 bytes)
Event: 1.048 Thread 0x0000015886092800 nmethod 782 0x00000158ea73f490 code [0x00000158ea73f640, 0x00000158ea73f818]
Event: 1.048 Thread 0x0000015886092800  783       3       java.nio.Buffer::flip (20 bytes)
Event: 1.048 Thread 0x0000015886092800 nmethod 783 0x00000158ea73f910 code [0x00000158ea73fac0, 0x00000158ea73fc38]
Event: 1.050 Thread 0x0000015886092800  784       3       java.io.FilterInputStream::read (11 bytes)
Event: 1.050 Thread 0x0000015886092800 nmethod 784 0x00000158ea73fd10 code [0x00000158ea73fee0, 0x00000158ea740110]
Event: 1.050 Thread 0x0000015886092800  785       3       sun.nio.ch.FileChannelImpl::ensureOpen (16 bytes)
Event: 1.051 Thread 0x0000015886092800 nmethod 785 0x00000158ea740210 code [0x00000158ea7403e0, 0x00000158ea7406b0]
Event: 1.051 Thread 0x0000015886092800  786   !   3       sun.nio.ch.NativeThreadSet::add (155 bytes)
Event: 1.051 Thread 0x0000015886092800 nmethod 786 0x00000158ea740790 code [0x00000158ea740980, 0x00000158ea7410d0]
Event: 1.051 Thread 0x0000015886092800  787   !   3       sun.nio.ch.NativeThreadSet::remove (50 bytes)
Event: 1.051 Thread 0x0000015886092800 nmethod 787 0x00000158ea741390 code [0x00000158ea741560, 0x00000158ea741970]
Event: 1.051 Thread 0x0000015886092800  788       3       sun.nio.ch.FileChannelImpl::beginBlocking (12 bytes)
Event: 1.051 Thread 0x0000015886092800 nmethod 788 0x00000158ea741b10 code [0x00000158ea741cc0, 0x00000158ea741e90]
Event: 1.051 Thread 0x0000015886092800  789       3       sun.nio.ch.FileChannelImpl::endBlocking (13 bytes)
Event: 1.051 Thread 0x0000015886092800 nmethod 789 0x00000158ea741f10 code [0x00000158ea7420c0, 0x00000158ea742290]

GC Heap History (0 events):
No events

Deoptimization events (20 events):
Event: 0.099 Thread 0x00000158e19f8000 DEOPT PACKING pc=0x00000158f1b21214 sp=0x00000008c4cfeaa0
Event: 0.099 Thread 0x00000158e19f8000 DEOPT UNPACKING pc=0x00000158ea0791af sp=0x00000008c4cfe9e0 mode 2
Event: 0.100 Thread 0x00000158e19f8000 Uncommon trap: trap_request=0xffffff4d fr.pc=0x00000158f1b253a0 relative=0x0000000000000200
Event: 0.100 Thread 0x00000158e19f8000 Uncommon trap: reason=unstable_if action=reinterpret pc=0x00000158f1b253a0 method=java.lang.String.hashCode()I @ 14 c2
Event: 0.100 Thread 0x00000158e19f8000 DEOPT PACKING pc=0x00000158f1b253a0 sp=0x00000008c4cfd2e0
Event: 0.100 Thread 0x00000158e19f8000 DEOPT UNPACKING pc=0x00000158ea0791af sp=0x00000008c4cfd278 mode 2
Event: 0.262 Thread 0x00000158e19f8000 Uncommon trap: trap_request=0xffffff4d fr.pc=0x00000158f1b2ab80 relative=0x0000000000000060
Event: 0.262 Thread 0x00000158e19f8000 Uncommon trap: reason=unstable_if action=reinterpret pc=0x00000158f1b2ab80 method=java.io.WinNTFileSystem.isSlash(C)Z @ 9 c2
Event: 0.262 Thread 0x00000158e19f8000 DEOPT PACKING pc=0x00000158f1b2ab80 sp=0x00000008c4cfdfe0
Event: 0.262 Thread 0x00000158e19f8000 DEOPT UNPACKING pc=0x00000158ea0791af sp=0x00000008c4cfdf68 mode 2
Event: 0.284 Thread 0x00000158e19f8000 DEOPT PACKING pc=0x00000158ea62ad68 sp=0x00000008c4cfc4f0
Event: 0.284 Thread 0x00000158e19f8000 DEOPT UNPACKING pc=0x00000158ea078fce sp=0x00000008c4cfb948 mode 0
Event: 0.291 Thread 0x00000158e19f8000 DEOPT PACKING pc=0x00000158ea62fac2 sp=0x00000008c4cfa8f0
Event: 0.291 Thread 0x00000158e19f8000 DEOPT UNPACKING pc=0x00000158ea078fce sp=0x00000008c4cf9d58 mode 0
Event: 0.294 Thread 0x00000158e19f8000 DEOPT PACKING pc=0x00000158ea61b9f0 sp=0x00000008c4cf94c0
Event: 0.294 Thread 0x00000158e19f8000 DEOPT UNPACKING pc=0x00000158ea078fce sp=0x00000008c4cf8948 mode 0
Event: 0.808 Thread 0x00000158e19f8000 Uncommon trap: trap_request=0xffffff5c fr.pc=0x00000158f1b4d600 relative=0x0000000000000060
Event: 0.808 Thread 0x00000158e19f8000 Uncommon trap: reason=speculate_null_assert action=make_not_entrant pc=0x00000158f1b4d600 method=sun.misc.Unsafe.putLong(Ljava/lang/Object;JJ)V @ 7 c2
Event: 0.808 Thread 0x00000158e19f8000 DEOPT PACKING pc=0x00000158f1b4d600 sp=0x00000008c4cfea90
Event: 0.808 Thread 0x00000158e19f8000 DEOPT UNPACKING pc=0x00000158ea0791af sp=0x00000008c4cfea08 mode 2

Classes redefined (0 events):
No events

Internal exceptions (20 events):
Event: 0.388 Thread 0x00000158e19f8000 Exception <a 'java/security/PrivilegedActionException'{0x0000000711821018}> (0x0000000711821018) thrown at [./src/hotspot/share/prims/jvm.cpp, line 1297]
Event: 0.388 Thread 0x00000158e19f8000 Exception <a 'java/security/PrivilegedActionException'{0x0000000711822e58}> (0x0000000711822e58) thrown at [./src/hotspot/share/prims/jvm.cpp, line 1297]
Event: 0.388 Thread 0x00000158e19f8000 Exception <a 'java/security/PrivilegedActionException'{0x0000000711823128}> (0x0000000711823128) thrown at [./src/hotspot/share/prims/jvm.cpp, line 1297]
Event: 0.388 Thread 0x00000158e19f8000 Exception <a 'java/security/PrivilegedActionException'{0x0000000711824f18}> (0x0000000711824f18) thrown at [./src/hotspot/share/prims/jvm.cpp, line 1297]
Event: 0.388 Thread 0x00000158e19f8000 Exception <a 'java/security/PrivilegedActionException'{0x00000007118251e8}> (0x00000007118251e8) thrown at [./src/hotspot/share/prims/jvm.cpp, line 1297]
Event: 0.404 Thread 0x00000158e19f8000 Exception <a 'sun/nio/fs/WindowsException'{0x0000000711709988}> (0x0000000711709988) thrown at [./src/hotspot/share/prims/jni.cpp, line 615]
Event: 0.404 Thread 0x00000158e19f8000 Exception <a 'sun/nio/fs/WindowsException'{0x0000000711709cf8}> (0x0000000711709cf8) thrown at [./src/hotspot/share/prims/jni.cpp, line 615]
Event: 0.701 Thread 0x00000158e19f8000 Exception <a 'java/lang/NoSuchMethodError'{0x0000000711773e80}: 'void java.lang.invoke.DirectMethodHandle$Holder.invokeStaticInit(java.lang.Object, long, double, double)'> (0x0000000711773e80) thrown at [./src/hotspot/share/interpreter/linkResolver.cpp, line 773]
Event: 0.703 Thread 0x00000158e19f8000 Exception <a 'java/lang/NoSuchMethodError'{0x00000007117862d0}: 'void java.lang.invoke.DirectMethodHandle$Holder.invokeStaticInit(java.lang.Object, long, int, int, int)'> (0x00000007117862d0) thrown at [./src/hotspot/share/interpreter/linkResolver.cpp, line 773]
Event: 0.706 Thread 0x00000158e19f8000 Exception <a 'java/lang/NoSuchMethodError'{0x00000007117a5fa0}: 'void java.lang.invoke.DirectMethodHandle$Holder.invokeStaticInit(java.lang.Object, long, int, int, int, int)'> (0x00000007117a5fa0) thrown at [./src/hotspot/share/interpreter/linkResolver.cpp, line 773]
Event: 0.744 Thread 0x00000158e19f8000 Exception <a 'sun/nio/fs/WindowsException'{0x00000007117f4ae0}> (0x00000007117f4ae0) thrown at [./src/hotspot/share/prims/jni.cpp, line 615]
Event: 0.745 Thread 0x00000158e19f8000 Exception <a 'sun/nio/fs/WindowsException'{0x00000007117f4e90}> (0x00000007117f4e90) thrown at [./src/hotspot/share/prims/jni.cpp, line 615]
Event: 0.764 Thread 0x00000158e19f8000 Exception <a 'sun/nio/fs/WindowsException'{0x000000071160b6d8}> (0x000000071160b6d8) thrown at [./src/hotspot/share/prims/jni.cpp, line 615]
Event: 0.764 Thread 0x00000158e19f8000 Exception <a 'sun/nio/fs/WindowsException'{0x000000071160b9c0}> (0x000000071160b9c0) thrown at [./src/hotspot/share/prims/jni.cpp, line 615]
Event: 1.044 Thread 0x00000158e19f8000 Exception <a 'sun/nio/fs/WindowsException'{0x0000000710d7c770}> (0x0000000710d7c770) thrown at [./src/hotspot/share/prims/jni.cpp, line 615]
Event: 1.044 Thread 0x00000158e19f8000 Exception <a 'sun/nio/fs/WindowsException'{0x0000000710d7ca60}> (0x0000000710d7ca60) thrown at [./src/hotspot/share/prims/jni.cpp, line 615]
Event: 1.044 Thread 0x00000158e19f8000 Exception <a 'sun/nio/fs/WindowsException'{0x0000000710d7d810}> (0x0000000710d7d810) thrown at [./src/hotspot/share/prims/jni.cpp, line 615]
Event: 1.045 Thread 0x00000158e19f8000 Exception <a 'sun/nio/fs/WindowsException'{0x0000000710d84fe0}> (0x0000000710d84fe0) thrown at [./src/hotspot/share/prims/jni.cpp, line 615]
Event: 1.071 Thread 0x00000158e19f8000 Exception <a 'sun/nio/fs/WindowsException'{0x0000000710d87e38}> (0x0000000710d87e38) thrown at [./src/hotspot/share/prims/jni.cpp, line 615]
Event: 1.071 Thread 0x00000158e19f8000 Exception <a 'sun/nio/fs/WindowsException'{0x0000000710d881c0}> (0x0000000710d881c0) thrown at [./src/hotspot/share/prims/jni.cpp, line 615]

Events (20 events):
Event: 1.011 loading class org/lwjgl/opengl/GL13C done
Event: 1.012 loading class org/lwjgl/opengl/GL12C
Event: 1.012 loading class org/lwjgl/opengl/GL12C done
Event: 1.012 loading class org/lwjgl/opengl/GL11C
Event: 1.012 loading class org/lwjgl/opengl/GL11C done
Event: 1.015 loading class org/lwjgl/system/APIUtil$Encoder
Event: 1.015 loading class org/lwjgl/system/APIUtil$Encoder done
Event: 1.015 loading class org/lwjgl/system/APIUtil$Encoder
Event: 1.015 loading class org/lwjgl/system/APIUtil$Encoder done
Event: 1.036 loading class render/Texture
Event: 1.036 loading class render/Texture done
Event: 1.041 loading class org/lwjgl/stb/STBImage
Event: 1.041 loading class org/lwjgl/stb/STBImage done
Event: 1.043 loading class org/lwjgl/stb/LibSTB
Event: 1.043 loading class org/lwjgl/stb/LibSTB done
Event: 1.044 loading class java/nio/file/FileAlreadyExistsException
Event: 1.045 loading class java/nio/file/FileAlreadyExistsException done
Event: 1.045 loading class java/nio/file/StandardCopyOption
Event: 1.045 loading class java/nio/file/StandardCopyOption done
Event: 1.108 Loaded shared library C:\Users\ADMIN\AppData\Local\Temp\lwjglADMIN\3.2.3-build-13\lwjgl_stb.dll


Dynamic libraries:
0x00007ff7f47d0000 - 0x00007ff7f47dd000 	C:\Program Files\AdoptOpenJDK\jdk-11.0.7.10-hotspot\bin\java.exe
0x00007ffae60f0000 - 0x00007ffae62e5000 	C:\WINDOWS\SYSTEM32\ntdll.dll
0x00007ffab7e30000 - 0x00007ffab7e46000 	C:\Program Files\Avast Software\Avast\aswhook.dll
0x00007ffae4590000 - 0x00007ffae464e000 	C:\WINDOWS\System32\KERNEL32.DLL
0x00007ffae3bf0000 - 0x00007ffae3eb8000 	C:\WINDOWS\System32\KERNELBASE.dll
0x00000000599a0000 - 0x0000000059a35000 	C:\WINDOWS\System32\SYSFER.DLL
0x00007ffae4140000 - 0x00007ffae41ec000 	C:\WINDOWS\System32\ADVAPI32.dll
0x00007ffae5140000 - 0x00007ffae51de000 	C:\WINDOWS\System32\msvcrt.dll
0x00007ffae51e0000 - 0x00007ffae527b000 	C:\WINDOWS\System32\sechost.dll
0x00007ffae4650000 - 0x00007ffae477a000 	C:\WINDOWS\System32\RPCRT4.dll
0x00007ffae3a60000 - 0x00007ffae3b60000 	C:\WINDOWS\System32\ucrtbase.dll
0x00007ffadbc40000 - 0x00007ffadbc57000 	C:\Program Files\AdoptOpenJDK\jdk-11.0.7.10-hotspot\bin\jli.dll
0x00007ffab8480000 - 0x00007ffab8495000 	C:\Program Files\AdoptOpenJDK\jdk-11.0.7.10-hotspot\bin\VCRUNTIME140.dll
0x00007ffae5ac0000 - 0x00007ffae5c61000 	C:\WINDOWS\System32\USER32.dll
0x00007ffae3920000 - 0x00007ffae3942000 	C:\WINDOWS\System32\win32u.dll
0x00007ffae47a0000 - 0x00007ffae47cb000 	C:\WINDOWS\System32\GDI32.dll
0x00007ffad0520000 - 0x00007ffad07ba000 	C:\WINDOWS\WinSxS\amd64_microsoft.windows.common-controls_6595b64144ccf1df_6.0.19041.1110_none_60b5254171f9507e\COMCTL32.dll
0x00007ffae4020000 - 0x00007ffae412d000 	C:\WINDOWS\System32\gdi32full.dll
0x00007ffae3800000 - 0x00007ffae389d000 	C:\WINDOWS\System32\msvcp_win.dll
0x00007ffae5030000 - 0x00007ffae5060000 	C:\WINDOWS\System32\IMM32.DLL
0x00007ffa9b970000 - 0x00007ffa9ba0b000 	C:\Program Files\AdoptOpenJDK\jdk-11.0.7.10-hotspot\bin\msvcp140.dll
0x00007ffa83060000 - 0x00007ffa83b1c000 	C:\Program Files\AdoptOpenJDK\jdk-11.0.7.10-hotspot\bin\server\jvm.dll
0x00007ffae4130000 - 0x00007ffae4138000 	C:\WINDOWS\System32\PSAPI.DLL
0x00007ffacfd00000 - 0x00007ffacfd09000 	C:\WINDOWS\SYSTEM32\WSOCK32.dll
0x00007ffae53e0000 - 0x00007ffae544b000 	C:\WINDOWS\System32\WS2_32.dll
0x00007ffad0290000 - 0x00007ffad02b7000 	C:\WINDOWS\SYSTEM32\WINMM.dll
0x00007ffad7dd0000 - 0x00007ffad7dda000 	C:\WINDOWS\SYSTEM32\VERSION.dll
0x00007ffae20d0000 - 0x00007ffae20e2000 	C:\WINDOWS\SYSTEM32\kernel.appcore.dll
0x00007ffadbc90000 - 0x00007ffadbca0000 	C:\Program Files\AdoptOpenJDK\jdk-11.0.7.10-hotspot\bin\verify.dll
0x00007ffae15e0000 - 0x00007ffae17c4000 	C:\WINDOWS\SYSTEM32\DBGHELP.DLL
0x00007ffad63b0000 - 0x00007ffad63dc000 	C:\WINDOWS\SYSTEM32\dbgcore.DLL
0x00007ffae3b60000 - 0x00007ffae3be2000 	C:\WINDOWS\System32\bcryptPrimitives.dll
0x00007ffab1d80000 - 0x00007ffab1da8000 	C:\Program Files\AdoptOpenJDK\jdk-11.0.7.10-hotspot\bin\java.dll
0x00007ffab20a0000 - 0x00007ffab20b6000 	C:\Program Files\AdoptOpenJDK\jdk-11.0.7.10-hotspot\bin\zip.dll
0x00007ffadbc70000 - 0x00007ffadbc7a000 	C:\Program Files\AdoptOpenJDK\jdk-11.0.7.10-hotspot\bin\jimage.dll
0x00007ffae47d0000 - 0x00007ffae4f14000 	C:\WINDOWS\System32\SHELL32.dll
0x00007ffae17f0000 - 0x00007ffae1f84000 	C:\WINDOWS\SYSTEM32\windows.storage.dll
0x00007ffae5c70000 - 0x00007ffae5fc5000 	C:\WINDOWS\System32\combase.dll
0x00007ffae3250000 - 0x00007ffae327e000 	C:\WINDOWS\SYSTEM32\Wldp.dll
0x00007ffae4f20000 - 0x00007ffae4fcd000 	C:\WINDOWS\System32\SHCORE.dll
0x00007ffae4fd0000 - 0x00007ffae5025000 	C:\WINDOWS\System32\shlwapi.dll
0x00007ffae3740000 - 0x00007ffae375f000 	C:\WINDOWS\SYSTEM32\profapi.dll
0x00007ffaa63b0000 - 0x00007ffaa63c9000 	C:\Program Files\AdoptOpenJDK\jdk-11.0.7.10-hotspot\bin\net.dll
0x00007ffad1180000 - 0x00007ffad128c000 	C:\WINDOWS\SYSTEM32\WINHTTP.dll
0x00007ffae2fb0000 - 0x00007ffae301a000 	C:\WINDOWS\system32\mswsock.dll
0x00007ffaa58a0000 - 0x00007ffaa58b2000 	C:\Program Files\AdoptOpenJDK\jdk-11.0.7.10-hotspot\bin\nio.dll
0x00007ffa9b900000 - 0x00007ffa9b964000 	C:\Users\ADMIN\AppData\Local\Temp\lwjglADMIN\3.2.3-build-13\lwjgl.dll
0x00007ffa968b0000 - 0x00007ffa96912000 	C:\Users\ADMIN\AppData\Local\Temp\lwjglADMIN\3.2.3-build-13\glfw.dll
0x00007ffadda20000 - 0x00007ffaddabe000 	C:\WINDOWS\system32\uxtheme.dll
0x00007ffaa5850000 - 0x00007ffaa5895000 	C:\WINDOWS\SYSTEM32\dinput8.dll
0x00007ffaa57a0000 - 0x00007ffaa57b1000 	C:\WINDOWS\SYSTEM32\xinput1_4.dll
0x00007ffae38d0000 - 0x00007ffae391e000 	C:\WINDOWS\System32\cfgmgr32.dll
0x00007ffae35a0000 - 0x00007ffae35d4000 	C:\WINDOWS\SYSTEM32\DEVOBJ.dll
0x00007ffae1050000 - 0x00007ffae107f000 	C:\WINDOWS\SYSTEM32\dwmapi.dll
0x00007ffab0c20000 - 0x00007ffab0d72000 	C:\WINDOWS\SYSTEM32\inputhost.dll
0x00007ffae43a0000 - 0x00007ffae446d000 	C:\WINDOWS\System32\OLEAUT32.dll
0x00007ffadd340000 - 0x00007ffadd432000 	C:\WINDOWS\SYSTEM32\CoreMessaging.dll
0x00007ffaddbc0000 - 0x00007ffaddcb6000 	C:\WINDOWS\SYSTEM32\PROPSYS.dll
0x00007ffadcc70000 - 0x00007ffadcdc4000 	C:\WINDOWS\SYSTEM32\wintypes.dll
0x00007ffadd440000 - 0x00007ffadd79e000 	C:\WINDOWS\SYSTEM32\CoreUIComponents.dll
0x00007ffae24f0000 - 0x00007ffae2523000 	C:\WINDOWS\SYSTEM32\ntmarta.dll
0x00007ffae4470000 - 0x00007ffae4585000 	C:\WINDOWS\System32\MSCTF.dll
0x00007ffae2070000 - 0x00007ffae207d000 	C:\WINDOWS\SYSTEM32\HID.DLL
0x00007ffae5590000 - 0x00007ffae5a02000 	C:\WINDOWS\System32\SETUPAPI.DLL
0x00007ffae38a0000 - 0x00007ffae38c7000 	C:\WINDOWS\System32\bcrypt.dll
0x00007ffae3950000 - 0x00007ffae39b0000 	C:\WINDOWS\System32\WINTRUST.dll
0x00007ffae3ec0000 - 0x00007ffae4016000 	C:\WINDOWS\System32\CRYPT32.dll
0x00007ffae33e0000 - 0x00007ffae33f2000 	C:\WINDOWS\SYSTEM32\MSASN1.dll
0x00007ffabf100000 - 0x00007ffabf225000 	C:\WINDOWS\SYSTEM32\opengl32.dll
0x00007ffabf040000 - 0x00007ffabf06c000 	C:\WINDOWS\SYSTEM32\GLU32.dll
0x00007ffae5a10000 - 0x00007ffae5ab9000 	C:\WINDOWS\System32\clbcatq.dll
0x00007ffa82050000 - 0x00007ffa83059000 	C:\WINDOWS\System32\DriverStore\FileRepository\igdlh64.inf_amd64_45855586d601d062\ig9icd64.dll
0x00007ffae5460000 - 0x00007ffae558a000 	C:\WINDOWS\System32\ole32.dll
0x00007ffae20f0000 - 0x00007ffae21e4000 	C:\WINDOWS\system32\dxgi.dll
0x00007ffa81c40000 - 0x00007ffa82047000 	C:\WINDOWS\System32\DriverStore\FileRepository\igdlh64.inf_amd64_45855586d601d062\igdml64.dll
0x00007ffad4320000 - 0x00007ffad45ca000 	C:\WINDOWS\System32\DriverStore\FileRepository\igdlh64.inf_amd64_45855586d601d062\igdgmm64.dll
0x00007ffad1710000 - 0x00007ffad429f000 	C:\WINDOWS\System32\DriverStore\FileRepository\igdlh64.inf_amd64_45855586d601d062\igc64.dll
0x00007ffae2d70000 - 0x00007ffae2dbb000 	C:\WINDOWS\SYSTEM32\powrprof.dll
0x00007ffae2c30000 - 0x00007ffae2c42000 	C:\WINDOWS\SYSTEM32\UMPDC.dll
0x00007ffab9f40000 - 0x00007ffaba039000 	C:\WINDOWS\SYSTEM32\textinputframework.dll
0x00007ffad02c0000 - 0x00007ffad0326000 	C:\WINDOWS\system32\Oleacc.dll
0x00007ffa81be0000 - 0x00007ffa81c39000 	C:\Users\ADMIN\AppData\Local\Temp\lwjglADMIN\3.2.3-build-13\lwjgl_opengl.dll
0x00007ffa81b60000 - 0x00007ffa81bd7000 	C:\Users\ADMIN\AppData\Local\Temp\lwjglADMIN\3.2.3-build-13\lwjgl_stb.dll

dbghelp: loaded successfully - version: 4.0.5 - missing functions: none
symbol engine: initialized successfully - sym options: 0x614 - pdb path: .;C:\Program Files\AdoptOpenJDK\jdk-11.0.7.10-hotspot\bin;C:\WINDOWS\SYSTEM32;C:\Program Files\Avast Software\Avast;C:\WINDOWS\WinSxS\amd64_microsoft.windows.common-controls_6595b64144ccf1df_6.0.19041.1110_none_60b5254171f9507e;C:\Program Files\AdoptOpenJDK\jdk-11.0.7.10-hotspot\bin\server;C:\Users\ADMIN\AppData\Local\Temp\lwjglADMIN\3.2.3-build-13;C:\WINDOWS\System32\DriverStore\FileRepository\igdlh64.inf_amd64_45855586d601d062

VM Arguments:
jvm_args: -Dfile.encoding=windows-1252 -Duser.country=IN -Duser.language=en -Duser.variant -ea 
java_command: Main
java_class_path (initial): D:\2DGameEngine\build\classes\java\main;D:\2DGameEngine\build\resources\main;C:\Users\ADMIN\.gradle\caches\modules-2\files-2.1\org.lwjgl\lwjgl-assimp\3.2.3\f62aa07a20afbdd3097efc296c4841e0d29700eb\lwjgl-assimp-3.2.3.jar;C:\Users\ADMIN\.gradle\caches\modules-2\files-2.1\org.lwjgl\lwjgl-assimp\3.2.3\4e60aeb75f0343c4a9ede4ef8b6b32ca702a00a3\lwjgl-assimp-3.2.3-natives-windows.jar;C:\Users\ADMIN\.gradle\caches\modules-2\files-2.1\org.lwjgl\lwjgl-glfw\3.2.3\5e520d5c290c8b012545a8d34fa5db5ab051ea53\lwjgl-glfw-3.2.3.jar;C:\Users\ADMIN\.gradle\caches\modules-2\files-2.1\org.lwjgl\lwjgl-glfw\3.2.3\b4d8a3477cdc2edcf7a5f1e822926be846223f54\lwjgl-glfw-3.2.3-natives-windows.jar;C:\Users\ADMIN\.gradle\caches\modules-2\files-2.1\org.lwjgl\lwjgl-nfd\3.2.3\c44fee1043c022cf6614a28872d44cf114ca7737\lwjgl-nfd-3.2.3.jar;C:\Users\ADMIN\.gradle\caches\modules-2\files-2.1\org.lwjgl\lwjgl-nfd\3.2.3\32782f5f5c57769efb82af864e70b819c77bc891\lwjgl-nfd-3.2.3-natives-windows.jar;C:\Users\ADMIN\.gradle\caches\modules-2\files-2.1\org.lwjgl\lwjgl-openal\3.2.3\106742e805803ab9eab8e343f0fb31a3d263903c\lwjgl-openal-3.2.3.jar;C:\Users\ADMIN\.gradle\caches\modules-2\files-2.1\org.lwjgl\lwjgl-openal\3.2.3\ec898e8ce11b5886f4f532a1536283ef2817758d\lwjgl-openal-3.2.3-natives-windows.jar;C:\Users\ADMIN\.gradle\caches\modules-2\files-2.1\org.lwjgl\lwjgl-opengl\3.2.3\bdd534a323d0c8f54969b95e424b6ac8984f7d6e\lwjgl-opengl-3.2.3.jar;C:\Users\ADMIN\.gradle\caches\modules-2\files-2.1\org.lwjgl\lwjgl-opengl\3.2.3\e81cfc73ec8708e5e791ed770e4ec3edfc1bbab1\lwjgl-opengl-3.2.3-natives-windows.jar;C:\Users\ADMIN\.gradle\caches\modules-2\files-2.1\org.lwjgl\lwjgl-stb\3.2.3\40eccaa4fa86fc815f2e17946a392fb5fdcc286a\lwjgl-stb-3.2.3.jar;C:\Users\ADMIN\.gradle\caches\modules-2\files-2.1\org.lwjgl\lwjgl-stb\3.2.3\817b21ec286f0ba3dcedb56a3bd275e6a9345be9\lwjgl-stb-3.2.3-natives-windows.jar;C:\Users\ADMIN\.gradle\caches\modules-2\files-2.1\org.lwjgl\lwjgl\3.2.3\17a59ba0fe8d474ec9dbe0d5db40d2cfe59c4c08\l
Launcher Type: SUN_STANDARD

[Global flags]
     intx CICompilerCount                          = 4                                         {product} {ergonomic}
     uint ConcGCThreads                            = 2                                         {product} {ergonomic}
     uint G1ConcRefinementThreads                  = 8                                         {product} {ergonomic}
   size_t G1HeapRegionSize                         = 1048576                                   {product} {ergonomic}
    uintx GCDrainStackTargetSize                   = 64                                        {product} {ergonomic}
   size_t InitialHeapSize                          = 268435456                                 {product} {ergonomic}
   size_t MarkStackSize                            = 4194304                                   {product} {ergonomic}
   size_t MaxHeapSize                              = 4263510016                                {product} {ergonomic}
   size_t MaxNewSize                               = 2557476864                                {product} {ergonomic}
   size_t MinHeapDeltaBytes                        = 1048576                                   {product} {ergonomic}
    uintx NonNMethodCodeHeapSize                   = 5836300                                {pd product} {ergonomic}
    uintx NonProfiledCodeHeapSize                  = 122910970                              {pd product} {ergonomic}
    uintx ProfiledCodeHeapSize                     = 122910970                              {pd product} {ergonomic}
    uintx ReservedCodeCacheSize                    = 251658240                              {pd product} {ergonomic}
     bool SegmentedCodeCache                       = true                                      {product} {ergonomic}
     bool UseCompressedClassPointers               = true                                 {lp64_product} {ergonomic}
     bool UseCompressedOops                        = true                                 {lp64_product} {ergonomic}
     bool UseG1GC                                  = true                                      {product} {ergonomic}
     bool UseLargePagesIndividualAllocation        = false                                  {pd product} {ergonomic}

Logging:
Log output configuration:
 #0: stdout all=warning uptime,level,tags
 #1: stderr all=off uptime,level,tags

Environment Variables:
JAVA_HOME=D:\Sarth_Personal\jdk-11.0.2
PATH=C:\Program Files\Common Files\Oracle\Java\javapath;C:\Users\ADMIN\AppData\Local\Programs\Python\Python39\Scripts\;C:\Users\ADMIN\AppData\Local\Programs\Python\Python39\;C:\Python39\Scripts\;C:\Python39\;C:\Program Files\AdoptOpenJDK\jdk-11.0.7.10-hotspot\bin;C:\Program Files (x86)\NVIDIA Corporation\PhysX\Common;C:\Program Files (x86)\Common Files\Oracle\Java\javapath;C:\Program Files (x86)\Intel\Intel(R) Management Engine Components\iCLS\;C:\Program Files\Intel\Intel(R) Management Engine Components\iCLS\;C:\WINDOWS\system32;C:\WINDOWS;C:\WINDOWS\System32\Wbem;C:\WINDOWS\System32\WindowsPowerShell\v1.0\;C:\WINDOWS\System32\OpenSSH\;C:\Program Files (x86)\Intel\Intel(R) Management Engine Components\DAL;C:\Program Files\Intel\Intel(R) Management Engine Components\DAL;C:\Program Files (x86)\Enterprise Vault\EVClient\x64\;C:\Program Files\Microsoft SQL Server\Client SDK\ODBC\110\Tools\Binn\;C:\Program Files (x86)\Microsoft SQL Server\120\Tools\Binn\;C:\Program Files\Microsoft SQL Server\120\Tools\Binn\;C:\Program Files\Microsoft SQL Server\120\DTS\Binn\;C:\Program Files (x86)\Windows Kits\8.1\Windows Performance Toolkit\;C:\Gradle\gradle-6.6.1\bin;C:\Program Files\Git\cmd;C:\Program Files\Git LFS;C:\ProgramData\chocolatey\bin;C:\Program Files\nodejs\;c:\altera\90sp2\quartus\bin;C:\Users\ADMIN\AppData\Local\Microsoft\WindowsApps;C:\Users\ADMIN\AppData\Local\Programs\Microsoft VS Code\bin;C:\Users\ADMIN\AppData\Local\GitHubDesktop\bin;C:\Users\ADMIN\AppData\Local\Microsoft\WindowsApps;C:\Users\ADMIN\AppData\Roaming\npm;D:\Sarth_Personal\Flutter\flutter\bin;D:\Development\androidstud\bin;;C:\Program Files\JetBrains\IntelliJ IDEA Community Edition 2021.2.1\bin;;D:\Altera\modelsim_ase\win32aloem;D:\16.1\modelsim_ase\win32aloem;C:\intelFPGA\16.1\modelsim_ase\win32aloem
USERNAME=ADMIN
OS=Windows_NT
PROCESSOR_IDENTIFIER=Intel64 Family 6 Model 142 Stepping 10, GenuineIntel



---------------  S Y S T E M  ---------------

OS: Windows 10 , 64 bit Build 19041 (10.0.19041.1348)
OS uptime: 0 days 3:12 hours

CPU:total 8 (initial active 8) (4 cores per cpu, 2 threads per core) family 6 model 142 stepping 10, cmov, cx8, fxsr, mmx, sse, sse2, sse3, ssse3, sse4.1, sse4.2, popcnt, avx, avx2, aes, clmul, erms, rtm, 3dnowpref, lzcnt, ht, tsc, tscinvbit, bmi1, bmi2, adx, fma

Memory: 4k page, system-wide physical 16263M (5708M free)
TotalPageFile size 18695M (AvailPageFile size 5491M)
current process WorkingSet (physical memory assigned to process): 172M, peak: 172M
current process commit charge ("private bytes"): 373M, peak: 373M

vm_info: OpenJDK 64-Bit Server VM (11.0.7+10) for windows-amd64 JRE (11.0.7+10), built on Apr 22 2020 11:46:09 by "" with MS VC++ 15.9 (VS2017)

END.
